2025-12-12 02:22:38,648 - INFO - Access token issued successfully (expires: 2025-12-13 01:22:38.648249)
2025-12-12 02:22:38,649 - INFO - Token saved to file
2025-12-12 02:22:38,649 - INFO - ============================================================
2025-12-12 02:22:38,650 - INFO - EVENING TASK START
2025-12-12 02:22:38,650 - INFO - 실행시간 Time: 2025-12-12 02:22:38
2025-12-12 02:22:38,650 - INFO - ============================================================
2025-12-12 02:22:38,650 - INFO - 통합 로그 헤더 생성: logs/dry-run/trading_history_2025.log
2025-12-12 02:22:38,933 - INFO - Updating price for 2025-12-11
2025-12-12 02:22:39,890 - INFO - Loaded 1 days of price data for SOXL
2025-12-12 02:22:39,894 - INFO - Price updated: 2025-12-11 - Close: $48.79
2025-12-12 02:35:33,266 - INFO - Access token issued successfully (expires: 2025-12-13 01:35:33.265965)
2025-12-12 02:35:33,267 - INFO - Token saved to file
2025-12-12 02:35:33,267 - INFO - ============================================================
2025-12-12 02:35:33,267 - INFO - EVENING TASK START
2025-12-12 02:35:33,267 - INFO - 실행시간 Time: 2025-12-12 02:35:33
2025-12-12 02:35:33,267 - INFO - ============================================================
2025-12-12 02:35:33,546 - INFO - Updating price for 2025-12-11
2025-12-12 02:35:34,363 - INFO - Loaded 1 days of price data for SOXL
2025-12-12 02:35:34,369 - INFO - Price updated: 2025-12-11 - Close: $48.79
2025-12-12 02:40:18,404 - INFO - Access token issued successfully (expires: 2025-12-13 01:40:18.404435)
2025-12-12 02:40:18,405 - INFO - Token saved to file
2025-12-12 02:40:18,406 - INFO - ============================================================
2025-12-12 02:40:18,406 - INFO - EVENING TASK START
2025-12-12 02:40:18,406 - INFO - 실행시간 Time: 2025-12-12 02:40:18
2025-12-12 02:40:18,406 - INFO - ============================================================
2025-12-12 02:40:18,658 - INFO - Updating price for 2025-12-11
2025-12-12 02:40:19,586 - INFO - Loaded 1 days of price data for SOXL
2025-12-12 02:40:19,590 - INFO - Price updated: 2025-12-11 - Close: $48.79
2025-12-12 02:43:14,078 - INFO - Access token issued successfully (expires: 2025-12-13 01:43:14.078532)
2025-12-12 02:43:14,080 - INFO - Token saved to file
2025-12-12 02:43:14,080 - INFO - ============================================================
2025-12-12 02:43:14,080 - INFO - MORNING TASK START
2025-12-12 02:43:14,080 - INFO - Time: 2025-12-12 02:43:14
2025-12-12 02:43:14,080 - INFO - Mode: DRY-RUN
2025-12-12 02:43:14,080 - INFO - ============================================================
2025-12-12 02:43:14,371 - INFO - US Market Open on 2025-12-11
2025-12-12 02:43:14,378 - INFO - Order Calculation - Holdings: 0, Funds: $10046.88
2025-12-12 02:43:14,379 - INFO - DRY-RUN mode - Orders not submitted
2025-12-12 02:50:22,333 - INFO - Access token issued successfully (expires: 2025-12-13 01:50:22.333653)
2025-12-12 02:50:22,335 - INFO - Token saved to file
2025-12-12 02:50:22,335 - INFO - ============================================================
2025-12-12 02:50:22,335 - INFO - EVENING TASK START
2025-12-12 02:50:22,335 - INFO - 실행시간 Time: 2025-12-12 02:50:22
2025-12-12 02:50:22,335 - INFO - ============================================================
2025-12-12 02:50:22,611 - INFO - Updating price for 2025-12-11
2025-12-12 02:50:23,524 - INFO - Loaded 1 days of price data for SOXL
2025-12-12 02:50:23,528 - INFO - Price updated: 2025-12-11 - Close: $48.79
2025-12-12 02:53:46,144 - INFO - Access token issued successfully (expires: 2025-12-13 01:53:46.144097)
2025-12-12 02:53:46,145 - INFO - Token saved to file
2025-12-12 02:53:46,145 - INFO - ============================================================
2025-12-12 02:53:46,145 - INFO - EVENING TASK START
2025-12-12 02:53:46,145 - INFO - 실행시간 Time: 2025-12-12 02:53:46
2025-12-12 02:53:46,146 - INFO - ============================================================
2025-12-12 02:53:46,427 - INFO - Updating price for 2025-12-11
2025-12-12 02:53:47,291 - INFO - Loaded 1 days of price data for SOXL
2025-12-12 02:53:47,296 - INFO - Price updated: 2025-12-11 - Close: $48.79
2025-12-12 02:57:19,794 - WARNING - Token rate limit. Waiting 60 seconds... (attempt 1/3)
2025-12-12 02:58:20,435 - INFO - Access token issued successfully (expires: 2025-12-13 01:58:20.435783)
2025-12-12 02:58:20,437 - INFO - Token saved to file
2025-12-12 02:58:20,437 - INFO - ============================================================
2025-12-12 02:58:20,437 - INFO - MORNING TASK START
2025-12-12 02:58:20,437 - INFO - Time: 2025-12-12 02:58:20
2025-12-12 02:58:20,437 - INFO - Mode: DRY-RUN
2025-12-12 02:58:20,437 - INFO - ============================================================
2025-12-12 02:58:20,711 - INFO - US Market Open on 2025-12-11
2025-12-12 02:58:20,718 - INFO - Order Calculation - Holdings: 0, Funds: $10046.88
2025-12-12 02:58:20,718 - INFO - DRY-RUN mode - Orders not submitted
2025-12-12 15:43:54,643 - INFO - Access token issued successfully (expires: 2025-12-13 14:43:54.643150)
2025-12-12 15:43:54,644 - INFO - Token saved to file
2025-12-12 15:43:54,644 - INFO - ============================================================
2025-12-12 15:43:54,644 - INFO - MORNING TASK START
2025-12-12 15:43:54,644 - INFO - Time: 2025-12-12 15:43:54
2025-12-12 15:43:54,644 - INFO - Mode: DRY-RUN
2025-12-12 15:43:54,644 - INFO - ============================================================
2025-12-12 15:43:54,903 - INFO - US Market Open on 2025-12-12
2025-12-12 15:43:54,908 - ERROR - Error in morning task: object of type 'NoneType' has no len()
Traceback (most recent call last):
  File "/home/runner/work/ddulsaopal_v2/ddulsaopal_v2/daily_run.py", line 349, in run_morning_task
    buyPrice, buyQty, funds, holdings, sellOrders = self.calculate_orders()
  File "/home/runner/work/ddulsaopal_v2/ddulsaopal_v2/daily_run.py", line 160, in calculate_orders
    df_length = len(df) - len(get_data(ticker=self.symbol, start=self.start_date, end=end_date))
TypeError: object of type 'NoneType' has no len()
