================================================================================
🚀 떨사오팔 자동매매 시스템 (DRY-RUN MODE)
================================================================================
• 종목: SOXL
• 초기자금: $10,000
• 분할수: 7
• 수수료: 0.25%
• 시작일: 2025-12-13
================================================================================

================================================================================
📅 2025-12-31 (수) - Evening Task (12:09 KST)
================================================================================
📈 종가 업데이트 완료: $42.03

--------------------------------------------------------------------------------

================================================================================
📅 2026-01-01 (목) - Morning Task (00:42 KST)
================================================================================
🚫 미국 시장 휴장일

--------------------------------------------------------------------------------

================================================================================
📅 2026-01-01 (목) - Evening Task (12:00 KST)
================================================================================
🚫 미국 시장 휴장일 - 종가 업데이트 없음

--------------------------------------------------------------------------------

================================================================================
📅 2026-01-02 (금) - Morning Task (00:43 KST)
================================================================================
✅ 미국 시장 개장일

📊 주문 내역:
  • LOC 매수: 35주 @ $42.03
  • LOC 매도: 32주 @ $44.43
  • LOC 매도: 32주 @ $44.04
  • LOC 매도: 33주 @ $43.89
  • LOC 매도: 33주 @ $42.24

💼 포트폴리오:
  • 보유 주식: 130주
  • 남은 잔고: $4470.40

--------------------------------------------------------------------------------

