================================================================================
π€ λ–¨μ‚¬μ¤ν” μλ™λ§¤λ§¤ μ‹μ¤ν… (DRY-RUN MODE)
================================================================================
β€Ά μΆ…λ©: SOXL
β€Ά μ΄κΈ°μκΈ: $10,000
β€Ά λ¶„ν• μ: 7
β€Ά μμλ£: 0.25%
β€Ά μ‹μ‘μΌ: 2025-12-07
================================================================================

================================================================================
π“… 2025-12-11 (λ©) - Evening Task (11:22 KST)
================================================================================
π“ μΆ…κ°€ μ—…λ°μ΄νΈ μ™„λ£: $48.79

--------------------------------------------------------------------------------

================================================================================
π“… 2025-12-11 (λ©) - Evening Task (11:35 KST)
================================================================================
π“ μΆ…κ°€ μ—…λ°μ΄νΈ μ™„λ£: $48.79

--------------------------------------------------------------------------------

================================================================================
π“… 2025-12-11 (λ©) - Evening Task (11:40 KST)
================================================================================
π“ μΆ…κ°€ μ—…λ°μ΄νΈ μ™„λ£: $48.79

--------------------------------------------------------------------------------

================================================================================
π“… 2025-12-11 (λ©) - Morning Task (11:43 KST)
================================================================================
β… λ―Έκµ­ μ‹μ¥ κ°μ¥μΌ

π“ μ£Όλ¬Έ λ‚΄μ—­:
  β€Ά LOC λ§¤μ: 28μ£Ό @ $49.65
  β€Ά λ§¤λ„: μ—†μ

π’Ό ν¬νΈν΄λ¦¬μ¤:
  β€Ά λ³΄μ  μ£Όμ‹: 0μ£Ό
  β€Ά λ‚¨μ€ μ”κ³ : $10046.88

--------------------------------------------------------------------------------

================================================================================
π“… 2025-12-11 (λ©) - Evening Task (11:50 KST)
================================================================================
π“ μΆ…κ°€ μ—…λ°μ΄νΈ μ™„λ£: $48.79

--------------------------------------------------------------------------------

================================================================================
π“… 2025-12-11 (λ©) - Evening Task (11:53 KST)
================================================================================
π“ μΆ…κ°€ μ—…λ°μ΄νΈ μ™„λ£: $48.79

--------------------------------------------------------------------------------

================================================================================
π“… 2025-12-11 (λ©) - Morning Task (11:58 KST)
================================================================================
β… λ―Έκµ­ μ‹μ¥ κ°μ¥μΌ

π“ μ£Όλ¬Έ λ‚΄μ—­:
  β€Ά LOC λ§¤μ: 28μ£Ό @ $49.65
  β€Ά λ§¤λ„: μ—†μ

π’Ό ν¬νΈν΄λ¦¬μ¤:
  β€Ά λ³΄μ  μ£Όμ‹: 0μ£Ό
  β€Ά λ‚¨μ€ μ”κ³ : $10046.88

--------------------------------------------------------------------------------

================================================================================
π“… 2025-12-12 (κΈ) - Morning Task (00:43 KST)
================================================================================
π¨ μ—λ¬ λ°μƒ: object of type 'NoneType' has no len()

--------------------------------------------------------------------------------

================================================================================
π“… 2025-12-12 (κΈ) - Evening Task (11:46 KST)
================================================================================
π“ μΆ…κ°€ μ—…λ°μ΄νΈ μ™„λ£: $41.71

--------------------------------------------------------------------------------

================================================================================
π“… 2025-12-13 (ν† ) - Morning Task (00:39 KST)
================================================================================
π« λ―Έκµ­ μ‹μ¥ ν΄μ¥μΌ

--------------------------------------------------------------------------------

================================================================================
π“… 2025-12-13 (ν† ) - Evening Task (12:00 KST)
================================================================================
π« λ―Έκµ­ μ‹μ¥ ν΄μ¥μΌ - μΆ…κ°€ μ—…λ°μ΄νΈ μ—†μ

--------------------------------------------------------------------------------

================================================================================
π“… 2025-12-14 (μΌ) - Morning Task (00:38 KST)
================================================================================
π« λ―Έκµ­ μ‹μ¥ ν΄μ¥μΌ

--------------------------------------------------------------------------------

================================================================================
π“… 2025-12-14 (μΌ) - Evening Task (12:00 KST)
================================================================================
π« λ―Έκµ­ μ‹μ¥ ν΄μ¥μΌ - μΆ…κ°€ μ—…λ°μ΄νΈ μ—†μ

--------------------------------------------------------------------------------

================================================================================
π“… 2025-12-15 (μ›”) - Morning Task (00:48 KST)
================================================================================
π¨ μ—λ¬ λ°μƒ: object of type 'NoneType' has no len()

--------------------------------------------------------------------------------

================================================================================
π“… 2025-12-15 (μ›”) - Evening Task (11:54 KST)
================================================================================
π“ μΆ…κ°€ μ—…λ°μ΄νΈ μ™„λ£: $41.18

--------------------------------------------------------------------------------

================================================================================
π“… 2025-12-16 (ν™”) - Morning Task (00:47 KST)
================================================================================
β… λ―Έκµ­ μ‹μ¥ κ°μ¥μΌ

π“ μ£Όλ¬Έ λ‚΄μ—­:
  β€Ά LOC λ§¤μ: 34μ£Ό @ $41.18
  β€Ά LOC λ§¤λ„: 34μ£Ό @ $41.39

π’Ό ν¬νΈν΄λ¦¬μ¤:
  β€Ά λ³΄μ  μ£Όμ‹: 34μ£Ό
  β€Ά λ‚¨μ€ μ”κ³ : $8596.38

--------------------------------------------------------------------------------

================================================================================
π“… 2025-12-16 (ν™”) - Evening Task (11:50 KST)
================================================================================
π“ μΆ…κ°€ μ—…λ°μ΄νΈ μ™„λ£: $40.49

--------------------------------------------------------------------------------

================================================================================
π“… 2025-12-17 (μ) - Morning Task (00:46 KST)
================================================================================
β… λ―Έκµ­ μ‹μ¥ κ°μ¥μΌ

π“ μ£Όλ¬Έ λ‚΄μ—­:
  β€Ά LOC λ§¤μ: 35μ£Ό @ $40.49
  β€Ά LOC λ§¤λ„: 34μ£Ό @ $41.39
  β€Ά LOC λ§¤λ„: 34μ£Ό @ $40.69

π’Ό ν¬νΈν΄λ¦¬μ¤:
  β€Ά λ³΄μ  μ£Όμ‹: 68μ£Ό
  β€Ά λ‚¨μ€ μ”κ³ : $7216.28

--------------------------------------------------------------------------------

================================================================================
π“… 2025-12-17 (μ) - Evening Task (11:51 KST)
================================================================================
π“ μΆ…κ°€ μ—…λ°μ΄νΈ μ™„λ£: $36.01

--------------------------------------------------------------------------------

================================================================================
π“… 2025-12-18 (λ©) - Morning Task (00:45 KST)
================================================================================
β… λ―Έκµ­ μ‹μ¥ κ°μ¥μΌ

π“ μ£Όλ¬Έ λ‚΄μ—­:
  β€Ά LOC λ§¤μ: 41μ£Ό @ $36.01
  β€Ά LOC λ§¤λ„: 34μ£Ό @ $41.39
  β€Ά LOC λ§¤λ„: 34μ£Ό @ $40.69
  β€Ά LOC λ§¤λ„: 35μ£Ό @ $36.19

π’Ό ν¬νΈν΄λ¦¬μ¤:
  β€Ά λ³΄μ  μ£Όμ‹: 103μ£Ό
  β€Ά λ‚¨μ€ μ”κ³ : $5952.78

--------------------------------------------------------------------------------

================================================================================
π“… 2025-12-18 (λ©) - Evening Task (11:54 KST)
================================================================================
π“ μΆ…κ°€ μ—…λ°μ΄νΈ μ™„λ£: $38.58

--------------------------------------------------------------------------------

================================================================================
π“… 2025-12-19 (κΈ) - Morning Task (00:44 KST)
================================================================================
β… λ―Έκµ­ μ‹μ¥ κ°μ¥μΌ

π“ μ£Όλ¬Έ λ‚΄μ—­:
  β€Ά LOC λ§¤μ: 37μ£Ό @ $38.58
  β€Ά LOC λ§¤λ„: 34μ£Ό @ $41.39
  β€Ά LOC λ§¤λ„: 34μ£Ό @ $40.69

π’Ό ν¬νΈν΄λ¦¬μ¤:
  β€Ά λ³΄μ  μ£Όμ‹: 68μ£Ό
  β€Ά λ‚¨μ€ μ”κ³ : $7299.70

--------------------------------------------------------------------------------

================================================================================
π“… 2025-12-19 (κΈ) - Evening Task (11:45 KST)
================================================================================
π“ μΆ…κ°€ μ—…λ°μ΄νΈ μ™„λ£: $41.72

--------------------------------------------------------------------------------

================================================================================
π“… 2025-12-20 (ν† ) - Morning Task (00:38 KST)
================================================================================
π« λ―Έκµ­ μ‹μ¥ ν΄μ¥μΌ

--------------------------------------------------------------------------------

================================================================================
π“… 2025-12-20 (ν† ) - Evening Task (12:00 KST)
================================================================================
π« λ―Έκµ­ μ‹μ¥ ν΄μ¥μΌ - μΆ…κ°€ μ—…λ°μ΄νΈ μ—†μ

--------------------------------------------------------------------------------

================================================================================
π“… 2025-12-21 (μΌ) - Morning Task (00:38 KST)
================================================================================
π« λ―Έκµ­ μ‹μ¥ ν΄μ¥μΌ

--------------------------------------------------------------------------------

================================================================================
π“… 2025-12-21 (μΌ) - Evening Task (12:02 KST)
================================================================================
π« λ―Έκµ­ μ‹μ¥ ν΄μ¥μΌ - μΆ…κ°€ μ—…λ°μ΄νΈ μ—†μ

--------------------------------------------------------------------------------

================================================================================
π“… 2025-12-22 (μ›”) - Morning Task (00:43 KST)
================================================================================
β… λ―Έκµ­ μ‹μ¥ κ°μ¥μΌ

π“ μ£Όλ¬Έ λ‚΄μ—­:
  β€Ά LOC λ§¤μ: 34μ£Ό @ $41.72
  β€Ά λ§¤λ„: μ—†μ

π’Ό ν¬νΈν΄λ¦¬μ¤:
  β€Ά λ³΄μ  μ£Όμ‹: 0μ£Ό
  β€Ά λ‚¨μ€ μ”κ³ : $10129.57

--------------------------------------------------------------------------------

================================================================================
π“… 2025-12-22 (μ›”) - Evening Task (11:56 KST)
================================================================================
π“ μΆ…κ°€ μ—…λ°μ΄νΈ μ™„λ£: $43.26

--------------------------------------------------------------------------------

================================================================================
π“… 2025-12-23 (ν™”) - Morning Task (00:43 KST)
================================================================================
β… λ―Έκµ­ μ‹μ¥ κ°μ¥μΌ

π“ μ£Όλ¬Έ λ‚΄μ—­:
  β€Ά LOC λ§¤μ: 33μ£Ό @ $43.26
  β€Ά λ§¤λ„: μ—†μ

π’Ό ν¬νΈν΄λ¦¬μ¤:
  β€Ά λ³΄μ  μ£Όμ‹: 0μ£Ό
  β€Ά λ‚¨μ€ μ”κ³ : $10129.57

--------------------------------------------------------------------------------

================================================================================
π“… 2025-12-23 (ν™”) - Evening Task (11:53 KST)
================================================================================
π“ μΆ…κ°€ μ—…λ°μ΄νΈ μ™„λ£: $43.70

--------------------------------------------------------------------------------

================================================================================
π“… 2025-12-24 (μ) - Morning Task (00:42 KST)
================================================================================
β… λ―Έκµ­ μ‹μ¥ κ°μ¥μΌ

π“ μ£Όλ¬Έ λ‚΄μ—­:
  β€Ά LOC λ§¤μ: 33μ£Ό @ $43.70
  β€Ά λ§¤λ„: μ—†μ

π’Ό ν¬νΈν΄λ¦¬μ¤:
  β€Ά λ³΄μ  μ£Όμ‹: 0μ£Ό
  β€Ά λ‚¨μ€ μ”κ³ : $10129.57

--------------------------------------------------------------------------------

================================================================================
π“… 2025-12-24 (μ) - Evening Task (11:57 KST)
================================================================================
π“ μΆ…κ°€ μ—…λ°μ΄νΈ μ™„λ£: $44.21

--------------------------------------------------------------------------------

================================================================================
π“… 2025-12-25 (λ©) - Morning Task (00:41 KST)
================================================================================
π« λ―Έκµ­ μ‹μ¥ ν΄μ¥μΌ

--------------------------------------------------------------------------------

================================================================================
π“… 2025-12-25 (λ©) - Evening Task (11:55 KST)
================================================================================
π« λ―Έκµ­ μ‹μ¥ ν΄μ¥μΌ - μΆ…κ°€ μ—…λ°μ΄νΈ μ—†μ

--------------------------------------------------------------------------------

================================================================================
π“… 2025-12-26 (κΈ) - Morning Task (00:41 KST)
================================================================================
β… λ―Έκµ­ μ‹μ¥ κ°μ¥μΌ

π“ μ£Όλ¬Έ λ‚΄μ—­:
  β€Ά LOC λ§¤μ: 32μ£Ό @ $44.21
  β€Ά λ§¤λ„: μ—†μ

π’Ό ν¬νΈν΄λ¦¬μ¤:
  β€Ά λ³΄μ  μ£Όμ‹: 0μ£Ό
  β€Ά λ‚¨μ€ μ”κ³ : $10129.57

--------------------------------------------------------------------------------

================================================================================
π“… 2025-12-26 (κΈ) - Evening Task (11:52 KST)
================================================================================
π“ μΆ…κ°€ μ—…λ°μ΄νΈ μ™„λ£: $44.21

--------------------------------------------------------------------------------

================================================================================
π“… 2025-12-27 (ν† ) - Morning Task (00:38 KST)
================================================================================
π« λ―Έκµ­ μ‹μ¥ ν΄μ¥μΌ

--------------------------------------------------------------------------------

================================================================================
π“… 2025-12-27 (ν† ) - Evening Task (12:07 KST)
================================================================================
π« λ―Έκµ­ μ‹μ¥ ν΄μ¥μΌ - μΆ…κ°€ μ—…λ°μ΄νΈ μ—†μ

--------------------------------------------------------------------------------

================================================================================
π“… 2025-12-28 (μΌ) - Morning Task (00:39 KST)
================================================================================
π« λ―Έκµ­ μ‹μ¥ ν΄μ¥μΌ

--------------------------------------------------------------------------------

================================================================================
π“… 2025-12-28 (μΌ) - Evening Task (12:08 KST)
================================================================================
π« λ―Έκµ­ μ‹μ¥ ν΄μ¥μΌ - μΆ…κ°€ μ—…λ°μ΄νΈ μ—†μ

--------------------------------------------------------------------------------

================================================================================
π“… 2025-12-29 (μ›”) - Morning Task (00:44 KST)
================================================================================
β… λ―Έκµ­ μ‹μ¥ κ°μ¥μΌ

π“ μ£Όλ¬Έ λ‚΄μ—­:
  β€Ά LOC λ§¤μ: 32μ£Ό @ $44.21
  β€Ά LOC λ§¤λ„: 32μ£Ό @ $44.43

π’Ό ν¬νΈν΄λ¦¬μ¤:
  β€Ά λ³΄μ  μ£Όμ‹: 32μ£Ό
  β€Ά λ‚¨μ€ μ”κ³ : $8711.31

--------------------------------------------------------------------------------

